

HI-TECH Software PIC LITE Macro Assembler V9.83 build 10920 
                                                                                               Mon Oct 22 05:04:58 2018

HI-TECH Software Omniscient Code Generator (Lite mode) build 10920
     1  0000                     opt subtitle "HI-TECH Software Omniscient Code Generator (Lite mode) build 10920"
     2                           
     3                           opt pagewidth 120
     4                           
     5                           	opt lm
     6                           
     7                           	processor	16F877A
     8                           clrc	macro
     9                           	bcf	3,0
    10  0000                     	endm
    11                           clrz	macro
    12                           	bcf	3,2
    13  0000                     	endm
    14                           setc	macro
    15                           	bsf	3,0
    16  0000                     	endm
    17                           setz	macro
    18                           	bsf	3,2
    19  0000                     	endm
    20                           skipc	macro
    21                           	btfss	3,0
    22  0000                     	endm
    23                           skipz	macro
    24                           	btfss	3,2
    25  0000                     	endm
    26                           skipnc	macro
    27                           	btfsc	3,0
    28  0000                     	endm
    29                           skipnz	macro
    30                           	btfsc	3,2
    31  0000                     	endm
    32  0000                     indf	equ	0
    33  0000                     indf0	equ	0
    34  0002                     pc	equ	2
    35  0002                     pcl	equ	2
    36  0003                     status	equ	3
    37  0004                     fsr	equ	4
    38  0004                     fsr0	equ	4
    39  0001                     c	equ	1
    40  0000                     z	equ	0
    41  000A                     pclath	equ	10
    42                           # 4 "D:\SRIDHAR\02-LYCASOFT EMBEDDED CODING\02-PIC 16F877A CODING\06-LEDS WITH INDIVIDUA
                                 L SWITCH\CODE\LEDS WITH INDIVIDUAL SWITCH.c"
    43                           	psect config,class=CONFIG,delta=2 ;#
    44                           # 4 "D:\SRIDHAR\02-LYCASOFT EMBEDDED CODING\02-PIC 16F877A CODING\06-LEDS WITH INDIVIDUA
                                 L SWITCH\CODE\LEDS WITH INDIVIDUAL SWITCH.c"
    45  2007  3F3A               	dw 0X3F3A ;#
    46                           	FNROOT	_main
    47                           	global	_PORTB
    48                           psect	maintext,global,class=CODE,delta=2
    49                           global __pmaintext
    50  07D8                     __pmaintext:
    51  0006                     _PORTB	set	6
    52                           	global	_CARRY
    53  0018                     _CARRY	set	24
    54                           	global	_GIE
    55  005F                     _GIE	set	95
    56                           	global	_RB0
    57  0030                     _RB0	set	48
    58                           	global	_RB1
    59  0031                     _RB1	set	49
    60                           	global	_RB2
    61  0032                     _RB2	set	50
    62                           	global	_RB3
    63  0033                     _RB3	set	51
    64                           	global	_TRISB
    65  0086                     _TRISB	set	134
    66                           	global	_EEADR
    67  010D                     _EEADR	set	269
    68                           	global	_EEDATA
    69  010C                     _EEDATA	set	268
    70                           	global	_EECON1
    71  018C                     _EECON1	set	396
    72                           	global	_EECON2
    73  018D                     _EECON2	set	397
    74                           	global	_RD
    75  0C60                     _RD	set	3168
    76                           	global	_WR
    77  0C61                     _WR	set	3169
    78                           	global	_WREN
    79  0C62                     _WREN	set	3170
    80                           	file	"LEDS WITH INDIVIDUAL SWITCH.as"
    81                           	line	#
    82                           psect cinit,class=CODE,delta=2
    83                           global start_initialization
    84  07D4                     start_initialization:
    85                           
    86                           psect cinit,class=CODE,delta=2
    87                           global end_of_initialization
    88                           
    89                           ;End of C runtime variable initialization code
    90                           
    91  07D4                     end_of_initialization:
    92  07D4  0183               clrf status
    93  07D5  120A  118A  2FD8   ljmp _main	;jump to C main() function
    94                           psect	cstackCOMMON,class=COMMON,space=1
    95                           global __pcstackCOMMON
    96  0000                     __pcstackCOMMON:
    97                           	global	?_main
    98  0000                     ?_main:	; 0 bytes @ 0x0
    99                           	global	??_main
   100  0000                     ??_main:	; 0 bytes @ 0x0
   101 ;;Data sizes: Strings 0, constant 0, data 0, bss 0, persistent 0 stack 0
   102 ;;Auto spaces:   Size  Autos    Used
   103 ;; COMMON          14      0       0
   104 ;; BANK0           80      0       0
   105 ;; BANK1           80      0       0
   106 ;; BANK3           96      0       0
   107 ;; BANK2           96      0       0
   108                           
   109 ;;
   110 ;; Pointer list with targets:
   111                           
   112                           
   113                           
   114 ;;
   115 ;; Critical Paths under _main in COMMON
   116 ;;
   117 ;;   None.
   118 ;;
   119 ;; Critical Paths under _main in BANK0
   120 ;;
   121 ;;   None.
   122 ;;
   123 ;; Critical Paths under _main in BANK1
   124 ;;
   125 ;;   None.
   126 ;;
   127 ;; Critical Paths under _main in BANK3
   128 ;;
   129 ;;   None.
   130 ;;
   131 ;; Critical Paths under _main in BANK2
   132 ;;
   133 ;;   None.
   134                           
   135 ;;
   136 ;;Main: autosize = 0, tempsize = 0, incstack = 0, save=0
   137 ;;
   138                           
   139 ;;
   140 ;;Call Graph Tables:
   141 ;;
   142 ;; ---------------------------------------------------------------------------------
   143 ;; (Depth) Function   	        Calls       Base Space   Used Autos Params    Refs
   144 ;; ---------------------------------------------------------------------------------
   145 ;; (0) _main                                                 0     0      0       0
   146 ;; ---------------------------------------------------------------------------------
   147 ;; Estimated maximum stack depth 0
   148 ;; ---------------------------------------------------------------------------------
   149                           
   150 ;; Call Graph Graphs:
   151                           
   152 ;; _main (ROOT)
   153 ;;
   154                           
   155 ;; Address spaces:
   156                           
   157 ;;Name               Size   Autos  Total    Cost      Usage
   158 ;;BITCOMMON            E      0       0       0        0.0%
   159 ;;EEDATA             100      0       0       0        0.0%
   160 ;;NULL                 0      0       0       0        0.0%
   161 ;;CODE                 0      0       0       0        0.0%
   162 ;;COMMON               E      0       0       1        0.0%
   163 ;;BITSFR0              0      0       0       1        0.0%
   164 ;;SFR0                 0      0       0       1        0.0%
   165 ;;BITSFR1              0      0       0       2        0.0%
   166 ;;SFR1                 0      0       0       2        0.0%
   167 ;;STACK                0      0       0       2        0.0%
   168 ;;ABS                  0      0       0       3        0.0%
   169 ;;BITBANK0            50      0       0       4        0.0%
   170 ;;BITSFR3              0      0       0       4        0.0%
   171 ;;SFR3                 0      0       0       4        0.0%
   172 ;;BANK0               50      0       0       5        0.0%
   173 ;;BITSFR2              0      0       0       5        0.0%
   174 ;;SFR2                 0      0       0       5        0.0%
   175 ;;BITBANK1            50      0       0       6        0.0%
   176 ;;BANK1               50      0       0       7        0.0%
   177 ;;BITBANK3            60      0       0       8        0.0%
   178 ;;BANK3               60      0       0       9        0.0%
   179 ;;BITBANK2            60      0       0      10        0.0%
   180 ;;BANK2               60      0       0      11        0.0%
   181 ;;DATA                 0      0       0      12        0.0%
   182                           
   183                           	global	_main
   184                           psect	maintext
   185                           
   186 ;; *************** function _main *****************
   187 ;; Defined at:
   188 ;;		line 12 in file "D:\SRIDHAR\02-LYCASOFT EMBEDDED CODING\02-PIC 16F877A CODING\06-LEDS WITH INDIVIDUAL SWITCH\CODE\LE
       DS WITH INDIVIDUAL SWITCH.c"
   189 ;; Parameters:    Size  Location     Type
   190 ;;		None
   191 ;; Auto vars:     Size  Location     Type
   192 ;;		None
   193 ;; Return value:  Size  Location     Type
   194 ;;		None               void
   195 ;; Registers used:
   196 ;;		wreg, status,2
   197 ;; Tracked objects:
   198 ;;		On entry : 17F/0
   199 ;;		On exit  : 0/0
   200 ;;		Unchanged: 0/0
   201 ;; Data sizes:     COMMON   BANK0   BANK1   BANK3   BANK2
   202 ;;      Params:         0       0       0       0       0
   203 ;;      Locals:         0       0       0       0       0
   204 ;;      Temps:          0       0       0       0       0
   205 ;;      Totals:         0       0       0       0       0
   206 ;;Total ram usage:        0 bytes
   207 ;; This function calls:
   208 ;;		Nothing
   209 ;; This function is called by:
   210 ;;		Startup code after reset
   211 ;; This function uses a non-reentrant model
   212 ;;
   213                           psect	maintext
   214                           	file	"D:\SRIDHAR\02-LYCASOFT EMBEDDED CODING\02-PIC 16F877A CODING\06-LEDS WITH INDIVID
                                 UAL SWITCH\CODE\LEDS WITH INDIVIDUAL SWITCH.c"
   215                           	line	12
   216                           	global	__size_of_main
   217  0028                     	__size_of_main	equ	__end_of_main-_main
   218                           	
   219  07D8                     _main:	
   220                           	opt	stack 8
   221                           ; Regs used in _main: [wreg+status,2]
   222                           	line	13
   223                           	
   224  07D8                     l1745:	
   225                           ;LEDS WITH INDIVIDUAL SWITCH.c: 13: TRISB=0X0C;
   226  07D8  300C               	movlw	(0Ch)
   227  07D9  1683               	bsf	status, 5	;RP0=1, select bank1
   228  07DA  1303               	bcf	status, 6	;RP1=0, select bank1
   229  07DB  0086               	movwf	(134)^080h	;volatile
   230                           	line	14
   231                           	
   232  07DC                     l1747:	
   233                           ;LEDS WITH INDIVIDUAL SWITCH.c: 14: PORTB=0X00;
   234  07DC  1283               	bcf	status, 5	;RP0=0, select bank0
   235  07DD  1303               	bcf	status, 6	;RP1=0, select bank0
   236  07DE  0186               	clrf	(6)	;volatile
   237  07DF  2FE0               	goto	l1749
   238                           	line	16
   239                           ;LEDS WITH INDIVIDUAL SWITCH.c: 16: while(1)
   240                           	
   241  07E0                     l685:	
   242                           	line	18
   243                           	
   244  07E0                     l1749:	
   245                           ;LEDS WITH INDIVIDUAL SWITCH.c: 17: {
   246                           ;LEDS WITH INDIVIDUAL SWITCH.c: 18: if(RB2==1)
   247  07E0  1D06               	btfss	(50/8),(50)&7
   248  07E1  2FE3               	goto	u11
   249  07E2  2FE4               	goto	u10
   250  07E3                     u11:
   251  07E3  2FEC               	goto	l686
   252  07E4                     u10:
   253                           	line	20
   254                           	
   255  07E4                     l1751:	
   256                           ;LEDS WITH INDIVIDUAL SWITCH.c: 19: {
   257                           ;LEDS WITH INDIVIDUAL SWITCH.c: 20: RB0=1;
   258  07E4  1406               	bsf	(48/8),(48)&7
   259                           	line	21
   260                           ;LEDS WITH INDIVIDUAL SWITCH.c: 21: while(RB2==1);
   261  07E5  2FE6               	goto	l687
   262                           	
   263  07E6                     l688:	
   264                           	
   265  07E6                     l687:	
   266  07E6  1906               	btfsc	(50/8),(50)&7
   267  07E7  2FE9               	goto	u21
   268  07E8  2FEA               	goto	u20
   269  07E9                     u21:
   270  07E9  2FE6               	goto	l687
   271  07EA                     u20:
   272  07EA  2FED               	goto	l690
   273                           	
   274  07EB                     l689:	
   275                           	line	22
   276                           ;LEDS WITH INDIVIDUAL SWITCH.c: 22: }
   277  07EB  2FED               	goto	l690
   278                           	line	23
   279                           	
   280  07EC                     l686:	
   281                           	line	24
   282                           ;LEDS WITH INDIVIDUAL SWITCH.c: 23: else
   283                           ;LEDS WITH INDIVIDUAL SWITCH.c: 24: RB0=0;
   284  07EC  1006               	bcf	(48/8),(48)&7
   285                           	
   286  07ED                     l690:	
   287                           	line	26
   288                           ;LEDS WITH INDIVIDUAL SWITCH.c: 26: if(RB3==1)
   289  07ED  1D86               	btfss	(51/8),(51)&7
   290  07EE  2FF0               	goto	u31
   291  07EF  2FF1               	goto	u30
   292  07F0                     u31:
   293  07F0  2FF9               	goto	l691
   294  07F1                     u30:
   295                           	line	28
   296                           	
   297  07F1                     l1753:	
   298                           ;LEDS WITH INDIVIDUAL SWITCH.c: 27: {
   299                           ;LEDS WITH INDIVIDUAL SWITCH.c: 28: RB1=1;
   300  07F1  1486               	bsf	(49/8),(49)&7
   301                           	line	29
   302                           ;LEDS WITH INDIVIDUAL SWITCH.c: 29: while(RB3==1);
   303  07F2  2FF3               	goto	l692
   304                           	
   305  07F3                     l693:	
   306                           	
   307  07F3                     l692:	
   308  07F3  1986               	btfsc	(51/8),(51)&7
   309  07F4  2FF6               	goto	u41
   310  07F5  2FF7               	goto	u40
   311  07F6                     u41:
   312  07F6  2FF3               	goto	l692
   313  07F7                     u40:
   314  07F7  2FE0               	goto	l1749
   315                           	
   316  07F8                     l694:	
   317                           	line	30
   318                           ;LEDS WITH INDIVIDUAL SWITCH.c: 30: }
   319  07F8  2FE0               	goto	l1749
   320                           	line	31
   321                           	
   322  07F9                     l691:	
   323                           	line	32
   324                           ;LEDS WITH INDIVIDUAL SWITCH.c: 31: else
   325                           ;LEDS WITH INDIVIDUAL SWITCH.c: 32: RB1=0;
   326  07F9  1086               	bcf	(49/8),(49)&7
   327  07FA  2FE0               	goto	l1749
   328                           	
   329  07FB                     l695:	
   330  07FB  2FE0               	goto	l1749
   331                           	line	33
   332                           	
   333  07FC                     l696:	
   334                           	line	16
   335  07FC  2FE0               	goto	l1749
   336                           	
   337  07FD                     l697:	
   338                           	line	34
   339                           	
   340  07FD                     l698:	
   341                           	global	start
   342  07FD  120A  118A  2800   	ljmp	start
   343                           	opt stack 0
   344                           GLOBAL	__end_of_main
   345  0800                     	__end_of_main:
   346 ;; =============== function _main ends ============
   347                           
   348                           	signat	_main,88
   349                           psect	maintext
   350                           	global	btemp
   351  007E                     	btemp set 07Eh
   352                           
   353                           	DABS	1,126,2	;btemp
   354                           	global	wtemp0
   355  007E                     	wtemp0 set btemp


HI-TECH Software PICC Macro Assembler V9.83 build 10920 
Symbol Table                                                                                   Mon Oct 22 05:04:58 2018

                  _RD 0C60                    u10 07E4                    u11 07E3                    u20 07EA  
                  u21 07E9                    u30 07F1                    u31 07F0                    u40 07F7  
                  u41 07F6                    _WR 0C61                   l690 07ED                   l691 07F9  
                 l692 07F3                   l693 07F3                   l685 07E0                   l694 07F8  
                 l686 07EC                   l695 07FB                   l687 07E6                   l696 07FC  
                 l688 07E6                   l697 07FD                   l689 07EB                   l698 07FD  
                 _GIE 005F                   _RB0 0030                   _RB1 0031                   _RB2 0032  
                 _RB3 0033                  l1751 07E4                  l1753 07F1                  l1745 07D8  
                l1747 07DC                  l1749 07E0                  _WREN 0C62                  _main 07D8  
                btemp 007E                  start 0000                 ?_main 0000                 _EEADR 010D  
               _CARRY 0018                 _PORTB 0006                 _TRISB 0086                 status 0003  
               wtemp0 007E          __end_of_main 0800                ??_main 0000                _EEDATA 010C  
              _EECON1 018C                _EECON2 018D        __pcstackCOMMON 0000            __pmaintext 07D8  
end_of_initialization 07D4   start_initialization 07D4         __size_of_main 0028  
